No bp log location saved, using default.
[000:001] Browser XEmbed support present: 1
[000:001] Browser toolkit is Gtk2.
[000:001] Using Gtk2 toolkit
[000:014] Warning(clientchannel.cc:568): Unreadable or no port file.  Could not initiate GoogleTalkPlugin connection
[000:016] Warning(clientchannel.cc:411): Could not initiate GoogleTalkPlugin connection
[000:016] GoogleTalkPlugin not running. Starting new process...
[000:016] Warning(optionsfile.cc:47): Load: Could not open file, err=2
[000:016] Warning(clientchannel.cc:538): Failed to get GoogleTalkPlugin path. Trying default.
[000:019] Started GoogleTalkPlugin, path=/opt/google/talkplugin/GoogleTalkPlugin
[000:019] Waiting for GoogleTalkPlugin to start...
[001:108] Attempting to connect to GoogleTalkPlugin...
[001:108] Read port file, port=41754
[001:109] Initiated connection to GoogleTalkPlugin
[001:209] Socket connection established
[001:209] ScheduleOnlineCheck: Online check in 5000ms
[001:310] Got cookie response, socket is authorized
[001:310] AUTHORIZED; socket handshake complete
[006:245] HandleOnlineCheck: Starting check
[006:245] HandleOnlineCheck: OK; current state: 3
[14141:14543:38381999956:ERROR:x509_certificate_nss.cc(903)] CERT_PKIXVerifyCert for ebankpersonas.bancopatagonia.com.ar failed err=-8179
third_party/tcmalloc/chromium/src/system-alloc.cc:423] SbrkSysAllocator failed.
